<?xml version="1.0" encoding="UTF-8"?>
<!-- Generated by org.testng.reporters.JUnitXMLReporter -->
<testsuite ignored="2" hostname="DESKTOP-M1DRLA4" failures="0" tests="1" name="Default test" time="102.464" errors="0" timestamp="2023-12-13T09:45:46 IST">
  <testcase classname="testCases.LoginPageTest" name="loginToApplicationTest" time="13.161"/>
  <testcase classname="testCases.LoginPageTest" name="verifyUrlOfApplicationTest" time="0.0">
    <ignored/>
  </testcase> <!-- verifyUrlOfApplicationTest -->
  <testcase classname="testCases.LoginPageTest" name="verifyTitileOfApplicationTest" time="0.0">
    <ignored/>
  </testcase> <!-- verifyTitileOfApplicationTest -->
</testsuite> <!-- Default test -->
