<?xml version="1.0" encoding="UTF-8"?>
<!-- Generated by org.testng.reporters.JUnitXMLReporter -->
<testsuite ignored="5" hostname="DESKTOP-M1DRLA4" failures="2" tests="2" name="Test" time="1.867" errors="0" timestamp="2023-12-12T16:57:58 IST">
  <testcase classname="testCases.LoginPageTest" name="verifyUrlOfApplicationTest" time="1.624">
    <failure type="java.lang.NullPointerException" message="Cannot invoke &amp;quot;pages.LoginPage.verifyUrlOfApplication()&amp;quot; because &amp;quot;this.login&amp;quot; is null">
      <![CDATA[java.lang.NullPointerException: Cannot invoke "pages.LoginPage.verifyUrlOfApplication()" because "this.login" is null
at testCases.LoginPageTest.verifyUrlOfApplicationTest(LoginPageTest.java:35)
at java.base/java.util.ArrayList.forEach(ArrayList.java:1511)
... Removed 27 stack frames]]>
    </failure>
  </testcase> <!-- verifyUrlOfApplicationTest -->
  <testcase classname="testCases.Inventory_Page2_Test" name="add6CartTest" time="0.097">
    <failure type="java.lang.NullPointerException" message="Cannot invoke &amp;quot;pages.Inventory_Page2.add6Cart()&amp;quot; because &amp;quot;this.invent&amp;quot; is null">
      <![CDATA[java.lang.NullPointerException: Cannot invoke "pages.Inventory_Page2.add6Cart()" because "this.invent" is null
at testCases.Inventory_Page2_Test.add6CartTest(Inventory_Page2_Test.java:52)
at java.base/java.util.ArrayList.forEach(ArrayList.java:1511)
... Removed 27 stack frames]]>
    </failure>
  </testcase> <!-- add6CartTest -->
  <testcase classname="testCases.Inventory_Page2_Test" name="remove2ProductTest" time="0.0">
    <ignored/>
  </testcase> <!-- remove2ProductTest -->
  <testcase classname="testCases.Inventory_Page2_Test" name="verifyProductLableTest" time="0.0">
    <ignored/>
  </testcase> <!-- verifyProductLableTest -->
  <testcase classname="testCases.LoginPageTest" name="verifyTitileOfApplicationTest" time="0.0">
    <ignored/>
  </testcase> <!-- verifyTitileOfApplicationTest -->
  <testcase classname="testCases.LoginPageTest" name="loginToApplicationTest" time="0.0">
    <ignored/>
  </testcase> <!-- loginToApplicationTest -->
  <testcase classname="testCases.Inventory_Page2_Test" name="verifytwitterLogoTest" time="0.0">
    <ignored/>
  </testcase> <!-- verifytwitterLogoTest -->
</testsuite> <!-- Test -->
