<?xml version="1.0" encoding="UTF-8"?>
<!-- Generated by org.testng.reporters.JUnitXMLReporter -->
<testsuite ignored="14" hostname="DESKTOP-M1DRLA4" failures="0" tests="3" name="Test(failed)" time="90.836" errors="0" timestamp="2023-12-05T20:33:26 IST">
  <testcase classname="testCases.LoginPageTest" name="loginToApplicationTest" time="7.446"/>
  <testcase classname="testCases.CartPageTest" name="verifyProductLableCartTest" time="0.169"/>
  <testcase classname="testCases.Inventory_Page2_Test" name="remove2ProductTest" time="4.36"/>
  <testcase classname="testCases.CartPageTest" name="verifyCartdecriptionLableTest" time="0.0">
    <ignored/>
  </testcase> <!-- verifyCartdecriptionLableTest -->
  <testcase classname="testCases.CartPageTest" name="verifyUrlCheckoutTest" time="0.0">
    <ignored/>
  </testcase> <!-- verifyUrlCheckoutTest -->
  <testcase classname="testCases.LoginPageTest" name="verifyTitileOfApplicationTest" time="0.0">
    <ignored/>
  </testcase> <!-- verifyTitileOfApplicationTest -->
  <testcase classname="testCases.CartPageTest" name="verifyCartQTYlableTest" time="0.0">
    <ignored/>
  </testcase> <!-- verifyCartQTYlableTest -->
  <testcase classname="testCases.LoginPageTest" name="verifyUrlOfApplicationTest" time="0.0">
    <ignored/>
  </testcase> <!-- verifyUrlOfApplicationTest -->
  <testcase classname="testCases.CartPageTest" name="verifyContinueShoppingCartUrlTest" time="0.0">
    <ignored/>
  </testcase> <!-- verifyContinueShoppingCartUrlTest -->
  <testcase classname="testCases.CartPageTest" name="verifyCartPagetwitterLogoTest" time="0.0">
    <ignored/>
  </testcase> <!-- verifyCartPagetwitterLogoTest -->
  <testcase classname="testCases.CartPageTest" name="verifyCartPageLinkdinLogoTest" time="0.0">
    <ignored/>
  </testcase> <!-- verifyCartPageLinkdinLogoTest -->
  <testcase classname="testCases.CartPageTest" name="verifyCartPageFacebookLogoTest" time="0.0">
    <ignored/>
  </testcase> <!-- verifyCartPageFacebookLogoTest -->
  <testcase classname="testCases.CartPageTest" name="verifyCartUrlApplicationTest" time="0.0">
    <ignored/>
  </testcase> <!-- verifyCartUrlApplicationTest -->
  <testcase classname="testCases.CartPageTest" name="remove3ProductCartTest" time="0.0">
    <ignored/>
  </testcase> <!-- remove3ProductCartTest -->
  <testcase classname="testCases.Inventory_Page2_Test" name="verifyProductLableTest" time="0.0">
    <ignored/>
  </testcase> <!-- verifyProductLableTest -->
  <testcase classname="testCases.Inventory_Page2_Test" name="verifytwitterLogoTest" time="0.0">
    <ignored/>
  </testcase> <!-- verifytwitterLogoTest -->
  <testcase classname="testCases.Inventory_Page2_Test" name="add6CartTest" time="0.0">
    <ignored/>
  </testcase> <!-- add6CartTest -->
</testsuite> <!-- Test(failed) -->
