<?xml version="1.0" encoding="UTF-8"?>
<!-- Generated by org.testng.reporters.JUnitXMLReporter -->
<testsuite ignored="4" hostname="DESKTOP-M1DRLA4" failures="3" tests="3" name="Test Groups" time="1.418" errors="0" timestamp="2023-12-12T17:08:17 IST">
  <testcase classname="testCases.LoginPageTest" name="verifyTitileOfApplicationTest" time="1.198">
    <failure type="java.lang.NullPointerException" message="Cannot invoke &amp;quot;pages.LoginPage.verifyTitileOfApplication()&amp;quot; because &amp;quot;this.login&amp;quot; is null">
      <![CDATA[java.lang.NullPointerException: Cannot invoke "pages.LoginPage.verifyTitileOfApplication()" because "this.login" is null
at testCases.LoginPageTest.verifyTitileOfApplicationTest(LoginPageTest.java:29)
at java.base/java.util.ArrayList.forEach(ArrayList.java:1511)
... Removed 27 stack frames]]>
    </failure>
  </testcase> <!-- verifyTitileOfApplicationTest -->
  <testcase classname="testCases.LoginPageTest" name="loginToApplicationTest" time="0.079">
    <failure type="java.lang.NullPointerException" message="Cannot invoke &amp;quot;pages.LoginPage.loginToApplication()&amp;quot; because &amp;quot;this.login&amp;quot; is null">
      <![CDATA[java.lang.NullPointerException: Cannot invoke "pages.LoginPage.loginToApplication()" because "this.login" is null
at testCases.LoginPageTest.loginToApplicationTest(LoginPageTest.java:42)
at java.base/java.util.ArrayList.forEach(ArrayList.java:1511)
... Removed 27 stack frames]]>
    </failure>
  </testcase> <!-- loginToApplicationTest -->
  <testcase classname="testCases.Inventory_Page2_Test" name="verifytwitterLogoTest" time="0.01">
    <failure type="java.lang.NullPointerException" message="Cannot invoke &amp;quot;pages.Inventory_Page2.verifytwitterLogo()&amp;quot; because &amp;quot;this.invent&amp;quot; is null">
      <![CDATA[java.lang.NullPointerException: Cannot invoke "pages.Inventory_Page2.verifytwitterLogo()" because "this.invent" is null
at testCases.Inventory_Page2_Test.verifytwitterLogoTest(Inventory_Page2_Test.java:44)
at java.base/java.util.ArrayList.forEach(ArrayList.java:1511)
... Removed 27 stack frames]]>
    </failure>
  </testcase> <!-- verifytwitterLogoTest -->
  <testcase classname="testCases.Inventory_Page2_Test" name="remove2ProductTest" time="0.0">
    <ignored/>
  </testcase> <!-- remove2ProductTest -->
  <testcase classname="testCases.Inventory_Page2_Test" name="verifyProductLableTest" time="0.0">
    <ignored/>
  </testcase> <!-- verifyProductLableTest -->
  <testcase classname="testCases.LoginPageTest" name="verifyUrlOfApplicationTest" time="0.0">
    <ignored/>
  </testcase> <!-- verifyUrlOfApplicationTest -->
  <testcase classname="testCases.Inventory_Page2_Test" name="add6CartTest" time="0.0">
    <ignored/>
  </testcase> <!-- add6CartTest -->
</testsuite> <!-- Test Groups -->
