<?xml version="1.0" encoding="UTF-8"?>
<testng-results ignored="2" total="3" passed="1" failed="0" skipped="0">
  <reporter-output>
  </reporter-output>
  <suite started-at="2023-12-13T09:44:03 IST" name="Default suite" finished-at="2023-12-13T09:45:46 IST" duration-ms="102464">
    <groups>
      <group name="Sanity">
        <method signature="LoginPageTest.loginToApplicationTest()[pri:3, instance:testCases.LoginPageTest@57c03d88]" name="loginToApplicationTest" class="testCases.LoginPageTest"/>
      </group> <!-- Sanity -->
    </groups>
    <test started-at="2023-12-13T09:44:03 IST" name="Default test" finished-at="2023-12-13T09:45:46 IST" duration-ms="102464">
      <class name="testCases.LoginPageTest">
        <test-method is-config="true" signature="setup()[pri:0, instance:testCases.LoginPageTest@57c03d88]" started-at="2023-12-13T09:44:03 IST" name="setup" finished-at="2023-12-13T09:45:28 IST" duration-ms="84828" status="PASS">
          <reporter-output>
          </reporter-output>
        </test-method> <!-- setup -->
        <test-method signature="loginToApplicationTest()[pri:3, instance:testCases.LoginPageTest@57c03d88]" started-at="2023-12-13T09:45:28 IST" name="loginToApplicationTest" finished-at="2023-12-13T09:45:41 IST" duration-ms="13161" status="PASS">
          <reporter-output>
          </reporter-output>
        </test-method> <!-- loginToApplicationTest -->
        <test-method is-config="true" signature="closeBrowser(org.testng.ITestResult)[pri:0, instance:testCases.LoginPageTest@57c03d88]" started-at="2023-12-13T09:45:41 IST" name="closeBrowser" finished-at="2023-12-13T09:45:46 IST" duration-ms="4377" status="PASS">
          <params>
            <param index="0">
              <value>
                <![CDATA[[TestResult name=loginToApplicationTest status=SUCCESS method=LoginPageTest.loginToApplicationTest()[pri:3, instance:testCases.LoginPageTest@57c03d88] output={null}]]]>
              </value>
            </param>
          </params>
          <reporter-output>
          </reporter-output>
        </test-method> <!-- closeBrowser -->
      </class> <!-- testCases.LoginPageTest -->
    </test> <!-- Default test -->
  </suite> <!-- Default suite -->
</testng-results>
